Using pre-set license
Built from '2020.3/staging' branch; Version is '2020.3.0f1 (c7b5465681fb) revision 13088070'; Using compiler version '192528614'; Build Type 'Release'
OS: 'Windows 10 Enterprise; OS build 19042.867; Version 2009; 64bit' Language: 'sr' Physical Memory: 16226 MB
BatchMode: 1, IsHumanControllingUs: 0, StartBugReporterOnCrash: 0, Is64bit: 1, IsPro: 0

 COMMAND LINE ARGUMENTS:
C:\Program Files\Unity\Hub\Editor\2019.4.21f1\Editor\Unity.exe
-adb2
-batchMode
-noUpm
-name
AssetImportWorker0
-projectPath
D:/Fakultet/TreciSemestar/3D igrice/Zadaca/GitHub/ProBuilder excercise
-logFile
Logs/AssetImportWorker0.log
-srvPort
52198
Successfully changed project path to: D:/Fakultet/TreciSemestar/3D igrice/Zadaca/GitHub/ProBuilder excercise
D:/Fakultet/TreciSemestar/3D igrice/Zadaca/GitHub/ProBuilder excercise
Using Asset Import Pipeline V2.
Refreshing native plugins compatible for Editor in 55.52 ms, found 0 plugins.
Preloading 0 native plugins for Editor in 0.00 ms.
Initialize engine version: 2020.3.0f1 (c7b5465681fb)
[Subsystems] Discovering subsystems at path C:/Program Files/Unity/Hub/Editor/2019.4.21f1/Editor/Data/Resources/UnitySubsystems
[Subsystems] Discovering subsystems at path D:/Fakultet/TreciSemestar/3D igrice/Zadaca/GitHub/ProBuilder excercise/Assets
GfxDevice: creating device client; threaded=0
Direct3D:
    Version:  Direct3D 11.0 [level 11.1]
    Renderer: NVIDIA GeForce GTX 1050 (ID=0x1c8d)
    Vendor:   
    VRAM:     4019 MB
    Driver:   25.21.14.1972
Initialize mono
Mono path[0] = 'C:/Program Files/Unity/Hub/Editor/2019.4.21f1/Editor/Data/Managed'
Mono path[1] = 'C:/Program Files/Unity/Hub/Editor/2019.4.21f1/Editor/Data/MonoBleedingEdge/lib/mono/unityjit'
Mono config path = 'C:/Program Files/Unity/Hub/Editor/2019.4.21f1/Editor/Data/MonoBleedingEdge/etc'
Using monoOptions --debugger-agent=transport=dt_socket,embedding=1,server=y,suspend=n,address=127.0.0.1:56484
Begin MonoManager ReloadAssembly
Registering precompiled unity dll's ...
Register platform support module: C:/Program Files/Unity/Hub/Editor/2019.4.21f1/Editor/Data/PlaybackEngines/WindowsStandaloneSupport/UnityEditor.WindowsStandalone.Extensions.dll
Registered in 0.002570 seconds.
Native extension for WindowsStandalone target not found
Refreshing native plugins compatible for Editor in 42.28 ms, found 0 plugins.
Preloading 0 native plugins for Editor in 0.00 ms.
Invoked RoslynAnalysisRunner static constructor.
RoslynAnalysisRunner will not be running.
RoslynAnalysisRunner has terminated.
Mono: successfully reloaded assembly
- Completed reload, in  1.257 seconds
Platform modules already initialized, skipping
Registering precompiled user dll's ...
Registered in 0.001168 seconds.
Begin MonoManager ReloadAssembly
Native extension for WindowsStandalone target not found
Refreshing native plugins compatible for Editor in 45.63 ms, found 0 plugins.
Preloading 0 native plugins for Editor in 0.00 ms.
Invoked RoslynAnalysisRunner static constructor.
RoslynAnalysisRunner will not be running.
RoslynAnalysisRunner has terminated.
Mono: successfully reloaded assembly
- Completed reload, in  1.445 seconds
Platform modules already initialized, skipping
========================================================================
Worker process is ready to serve import requests
Launched and connected shader compiler UnityShaderCompiler.exe after 0.04 seconds
Refreshing native plugins compatible for Editor in 0.44 ms, found 0 plugins.
Preloading 0 native plugins for Editor in 0.00 ms.
Unloading 2551 Unused Serialized files (Serialized files now loaded: 0)
System memory in use before: 125.2 MB.
System memory in use after: 125.2 MB.

Unloading 86 unused Assets to reduce memory usage. Loaded Objects now: 3016.
Total: 2.820800 ms (FindLiveObjects: 0.218000 ms CreateObjectMapping: 0.090000 ms MarkObjects: 2.234100 ms  DeleteObjects: 0.277300 ms)

========================================================================
Received Import Request.
  path: Assets/Hexlands_LowPolyStyle/Materials/Hexlands_Lake_Low.mat
  artifactKey: Guid(b2e7ddcad3ab8e54fa7f95cc09c196bc) Importer(815301076,1909f56bfc062723c751e8b465ee728b)
Start importing Assets/Hexlands_LowPolyStyle/Materials/Hexlands_Lake_Low.mat using Guid(b2e7ddcad3ab8e54fa7f95cc09c196bc) Importer(815301076,1909f56bfc062723c751e8b465ee728b)  -> (artifact id: '6ac33a2826672bfce067741edc114c68') in 0.096436 seconds
  Import took 0.100548 seconds .

========================================================================
Received Import Request.
  Time since last request: 4.070545 seconds.
  path: Assets/Scenes/StartScene.unity
  artifactKey: Guid(9fc0d4010bbf28b4594072e72b8655ab) Importer(815301076,1909f56bfc062723c751e8b465ee728b)
Start importing Assets/Scenes/StartScene.unity using Guid(9fc0d4010bbf28b4594072e72b8655ab) Importer(815301076,1909f56bfc062723c751e8b465ee728b)  -> (artifact id: 'c8c1c9f8022b8497e777169e990d12c3') in 0.002271 seconds
  Import took 0.006032 seconds .

========================================================================
Received Import Request.
  Time since last request: 0.009981 seconds.
  path: Assets/Scenes/StartScene.unity
  artifactKey: Guid(9fc0d4010bbf28b4594072e72b8655ab) Importer(815301076,1909f56bfc062723c751e8b465ee728b)
Start importing Assets/Scenes/StartScene.unity using Guid(9fc0d4010bbf28b4594072e72b8655ab) Importer(815301076,1909f56bfc062723c751e8b465ee728b)  -> (artifact id: 'c8c1c9f8022b8497e777169e990d12c3') in 0.001825 seconds
  Import took 0.005796 seconds .

========================================================================
Received Prepare
Registering precompiled user dll's ...
Registered in 0.001050 seconds.
Begin MonoManager ReloadAssembly
Native extension for WindowsStandalone target not found
Refreshing native plugins compatible for Editor in 0.58 ms, found 0 plugins.
Preloading 0 native plugins for Editor in 0.00 ms.
Warning: Annotation not found!
UnityEngine.StackTraceUtility:ExtractStackTrace ()
UnityEditor.ProBuilder.EditorUtility:SetGizmoIconEnabled (System.Type,bool) (at Library/PackageCache/com.unity.probuilder@4.5.0/Editor/EditorCore/EditorUtility.cs:593)
UnityEditor.ProBuilder.HierarchyListener:.cctor () (at Library/PackageCache/com.unity.probuilder@4.5.0/Editor/EditorCore/HierarchyListener.cs:21)
System.Runtime.CompilerServices.RuntimeHelpers:RunClassConstructor (System.RuntimeTypeHandle)
UnityEditor.EditorAssemblies:ProcessInitializeOnLoadAttributes (System.Type[])

[Library/PackageCache/com.unity.probuilder@4.5.0/Editor/EditorCore/EditorUtility.cs line 593]

Invoked RoslynAnalysisRunner static constructor.
RoslynAnalysisRunner will not be running.
RoslynAnalysisRunner has terminated.
Mono: successfully reloaded assembly
- Completed reload, in  1.346 seconds
Platform modules already initialized, skipping
Refreshing native plugins compatible for Editor in 0.43 ms, found 0 plugins.
Preloading 0 native plugins for Editor in 0.00 ms.
Unloading 2460 Unused Serialized files (Serialized files now loaded: 0)
System memory in use before: 121.7 MB.
System memory in use after: 121.7 MB.

Unloading 9 unused Assets to reduce memory usage. Loaded Objects now: 3059.
Total: 3.005700 ms (FindLiveObjects: 0.279100 ms CreateObjectMapping: 0.118500 ms MarkObjects: 2.422700 ms  DeleteObjects: 0.183800 ms)

========================================================================
Received Import Request.
  Time since last request: 307.693571 seconds.
  path: Assets/Five Seamless Tileable Ground Textures/Example Scene.unity
  artifactKey: Guid(94beddf2785bebb4ea14511cc5cacf2b) Importer(815301076,1909f56bfc062723c751e8b465ee728b)
Start importing Assets/Five Seamless Tileable Ground Textures/Example Scene.unity using Guid(94beddf2785bebb4ea14511cc5cacf2b) Importer(815301076,1909f56bfc062723c751e8b465ee728b)  -> (artifact id: 'f39ebc69305aacc1346a9b3e16957740') in 0.011116 seconds
  Import took 0.111554 seconds .

========================================================================
Received Import Request.
  Time since last request: 10.030905 seconds.
  path: Assets/Five Seamless Tileable Ground Textures/Materials
  artifactKey: Guid(9068b2150b6234f47b565f5ad357dcf5) Importer(815301076,1909f56bfc062723c751e8b465ee728b)
Start importing Assets/Five Seamless Tileable Ground Textures/Materials using Guid(9068b2150b6234f47b565f5ad357dcf5) Importer(815301076,1909f56bfc062723c751e8b465ee728b)  -> (artifact id: '4d47ade3d728af8d8a9144a1f7e735e5') in 0.001720 seconds
  Import took 0.005503 seconds .

========================================================================
Received Import Request.
  Time since last request: 0.079401 seconds.
  path: Assets/Five Seamless Tileable Ground Textures/Materials/Brown Stony Light.mat
  artifactKey: Guid(3c560b1c5b4a7c048ba5f9b87a27ffd7) Importer(815301076,1909f56bfc062723c751e8b465ee728b)
Start importing Assets/Five Seamless Tileable Ground Textures/Materials/Brown Stony Light.mat using Guid(3c560b1c5b4a7c048ba5f9b87a27ffd7) Importer(815301076,1909f56bfc062723c751e8b465ee728b)  -> (artifact id: '56e57cadf35ca435fe6cc6cb81abb04e') in 0.047427 seconds
  Import took 0.141495 seconds .

========================================================================
Received Import Request.
  Time since last request: 0.000567 seconds.
  path: Assets/Five Seamless Tileable Ground Textures/Materials/Brown Stony.mat
  artifactKey: Guid(1af41386b6aebff43af8aff2e57927a8) Importer(815301076,1909f56bfc062723c751e8b465ee728b)
Start importing Assets/Five Seamless Tileable Ground Textures/Materials/Brown Stony.mat using Guid(1af41386b6aebff43af8aff2e57927a8) Importer(815301076,1909f56bfc062723c751e8b465ee728b)  -> (artifact id: '908d99c64324414a9bbdb575bae899eb') in 0.009982 seconds
  Import took 0.014223 seconds .

========================================================================
Received Import Request.
  Time since last request: 0.000464 seconds.
  path: Assets/Five Seamless Tileable Ground Textures/Materials/Water Light Blue.mat
  artifactKey: Guid(fb0d97085daff70438b2a95dcef13a93) Importer(815301076,1909f56bfc062723c751e8b465ee728b)
Start importing Assets/Five Seamless Tileable Ground Textures/Materials/Water Light Blue.mat using Guid(fb0d97085daff70438b2a95dcef13a93) Importer(815301076,1909f56bfc062723c751e8b465ee728b)  -> (artifact id: '7cf3d59c74f39bd4e6c6f58efde0ad37') in 0.007746 seconds
  Import took 0.011455 seconds .

========================================================================
Received Import Request.
  Time since last request: 0.000452 seconds.
  path: Assets/Five Seamless Tileable Ground Textures/Materials/Grass.mat
  artifactKey: Guid(11729fa27a679db4fbeedeff9e7512fe) Importer(815301076,1909f56bfc062723c751e8b465ee728b)
Start importing Assets/Five Seamless Tileable Ground Textures/Materials/Grass.mat using Guid(11729fa27a679db4fbeedeff9e7512fe) Importer(815301076,1909f56bfc062723c751e8b465ee728b)  -> (artifact id: '56cfb30dc14d8a422565fda863d4a09f') in 0.008522 seconds
  Import took 0.012979 seconds .

========================================================================
Received Import Request.
  Time since last request: 0.000486 seconds.
  path: Assets/Five Seamless Tileable Ground Textures/Materials/Grey Stones.mat
  artifactKey: Guid(052821051301bb849ab0e4f50ad32d10) Importer(815301076,1909f56bfc062723c751e8b465ee728b)
Start importing Assets/Five Seamless Tileable Ground Textures/Materials/Grey Stones.mat using Guid(052821051301bb849ab0e4f50ad32d10) Importer(815301076,1909f56bfc062723c751e8b465ee728b)  -> (artifact id: '53cc0cc3b1f1dc0da10ed300f6a34db7') in 0.007888 seconds
  Import took 0.011794 seconds .

========================================================================
Received Import Request.
  Time since last request: 0.000372 seconds.
  path: Assets/Five Seamless Tileable Ground Textures/Materials/Water Deep Blue.mat
  artifactKey: Guid(731960bee06a1174683f3e96b29f5afb) Importer(815301076,1909f56bfc062723c751e8b465ee728b)
Start importing Assets/Five Seamless Tileable Ground Textures/Materials/Water Deep Blue.mat using Guid(731960bee06a1174683f3e96b29f5afb) Importer(815301076,1909f56bfc062723c751e8b465ee728b)  -> (artifact id: 'f096903193ed16464c81dce010c6d773') in 0.007918 seconds
  Import took 0.011758 seconds .

========================================================================
Received Import Request.
  Time since last request: 0.000325 seconds.
  path: Assets/Five Seamless Tileable Ground Textures/Materials/Sandy Orange.mat
  artifactKey: Guid(6c8cc2afdf3d02049b71a1f5abc7ab90) Importer(815301076,1909f56bfc062723c751e8b465ee728b)
Start importing Assets/Five Seamless Tileable Ground Textures/Materials/Sandy Orange.mat using Guid(6c8cc2afdf3d02049b71a1f5abc7ab90) Importer(815301076,1909f56bfc062723c751e8b465ee728b)  -> (artifact id: '30f1172686dd14470bb4819eec397cda') in 0.007636 seconds
  Import took 0.011341 seconds .

========================================================================
Received Import Request.
  Time since last request: 0.000351 seconds.
  path: Assets/Five Seamless Tileable Ground Textures/Materials/Sandy.mat
  artifactKey: Guid(bd26e3d2d0f56b54d95b8f3b244d407f) Importer(815301076,1909f56bfc062723c751e8b465ee728b)
Start importing Assets/Five Seamless Tileable Ground Textures/Materials/Sandy.mat using Guid(bd26e3d2d0f56b54d95b8f3b244d407f) Importer(815301076,1909f56bfc062723c751e8b465ee728b)  -> (artifact id: 'ff4aacd02a76c7c70cea7a7aa36be645') in 0.007967 seconds
  Import took 0.011654 seconds .

========================================================================
Received Import Request.
  Time since last request: 471.764543 seconds.
  path: Assets/Scenes/StartScene.unity
  artifactKey: Guid(9fc0d4010bbf28b4594072e72b8655ab) Importer(815301076,1909f56bfc062723c751e8b465ee728b)
Start importing Assets/Scenes/StartScene.unity using Guid(9fc0d4010bbf28b4594072e72b8655ab) Importer(815301076,1909f56bfc062723c751e8b465ee728b)  -> (artifact id: '3c9e1516946c186eb8db8155fb72ad9d') in 0.002611 seconds
  Import took 0.008265 seconds .

========================================================================
Received Import Request.
  Time since last request: 0.001065 seconds.
  path: Assets/Scenes/StartScene.unity
  artifactKey: Guid(9fc0d4010bbf28b4594072e72b8655ab) Importer(815301076,1909f56bfc062723c751e8b465ee728b)
Start importing Assets/Scenes/StartScene.unity using Guid(9fc0d4010bbf28b4594072e72b8655ab) Importer(815301076,1909f56bfc062723c751e8b465ee728b)  -> (artifact id: '3c9e1516946c186eb8db8155fb72ad9d') in 0.001999 seconds
  Import took 0.005731 seconds .

========================================================================
Received Import Request.
  Time since last request: 4.552804 seconds.
  path: Assets/Five Seamless Tileable Ground Textures/Materials/Brown Stony Light.mat
  artifactKey: Guid(3c560b1c5b4a7c048ba5f9b87a27ffd7) Importer(815301076,1909f56bfc062723c751e8b465ee728b)
Start importing Assets/Five Seamless Tileable Ground Textures/Materials/Brown Stony Light.mat using Guid(3c560b1c5b4a7c048ba5f9b87a27ffd7) Importer(815301076,1909f56bfc062723c751e8b465ee728b)  -> (artifact id: '5a85ef9edff0df179feecee58dc6ab66') in 0.009391 seconds
  Import took 0.013937 seconds .

========================================================================
Received Import Request.
  Time since last request: 0.000447 seconds.
  path: Assets/Five Seamless Tileable Ground Textures/Materials/Brown Stony.mat
  artifactKey: Guid(1af41386b6aebff43af8aff2e57927a8) Importer(815301076,1909f56bfc062723c751e8b465ee728b)
Start importing Assets/Five Seamless Tileable Ground Textures/Materials/Brown Stony.mat using Guid(1af41386b6aebff43af8aff2e57927a8) Importer(815301076,1909f56bfc062723c751e8b465ee728b)  -> (artifact id: 'b40cfc2ea0e09942dc7eec130a03af09') in 0.007726 seconds
  Import took 0.011284 seconds .

========================================================================
Received Import Request.
  Time since last request: 0.000441 seconds.
  path: Assets/Five Seamless Tileable Ground Textures/Materials/Grass.mat
  artifactKey: Guid(11729fa27a679db4fbeedeff9e7512fe) Importer(815301076,1909f56bfc062723c751e8b465ee728b)
Start importing Assets/Five Seamless Tileable Ground Textures/Materials/Grass.mat using Guid(11729fa27a679db4fbeedeff9e7512fe) Importer(815301076,1909f56bfc062723c751e8b465ee728b)  -> (artifact id: '7969efaffebddbb60f1566f594ca524f') in 0.007535 seconds
  Import took 0.011308 seconds .

========================================================================
Received Import Request.
  Time since last request: 0.000566 seconds.
  path: Assets/Five Seamless Tileable Ground Textures/Materials/Grey Stones.mat
  artifactKey: Guid(052821051301bb849ab0e4f50ad32d10) Importer(815301076,1909f56bfc062723c751e8b465ee728b)
Start importing Assets/Five Seamless Tileable Ground Textures/Materials/Grey Stones.mat using Guid(052821051301bb849ab0e4f50ad32d10) Importer(815301076,1909f56bfc062723c751e8b465ee728b)  -> (artifact id: 'ab9d9635e27c588c7451086b58027cf4') in 0.009153 seconds
  Import took 0.013321 seconds .

========================================================================
Received Import Request.
  Time since last request: 0.000558 seconds.
  path: Assets/Five Seamless Tileable Ground Textures/Materials/Water Deep Blue.mat
  artifactKey: Guid(731960bee06a1174683f3e96b29f5afb) Importer(815301076,1909f56bfc062723c751e8b465ee728b)
Start importing Assets/Five Seamless Tileable Ground Textures/Materials/Water Deep Blue.mat using Guid(731960bee06a1174683f3e96b29f5afb) Importer(815301076,1909f56bfc062723c751e8b465ee728b)  -> (artifact id: '9e7b40f3edae03c795d8e67fe9c5d01b') in 0.007351 seconds
  Import took 0.050045 seconds .

========================================================================
Received Import Request.
  Time since last request: 0.000432 seconds.
  path: Assets/Five Seamless Tileable Ground Textures/Materials/Sandy.mat
  artifactKey: Guid(bd26e3d2d0f56b54d95b8f3b244d407f) Importer(815301076,1909f56bfc062723c751e8b465ee728b)
Start importing Assets/Five Seamless Tileable Ground Textures/Materials/Sandy.mat using Guid(bd26e3d2d0f56b54d95b8f3b244d407f) Importer(815301076,1909f56bfc062723c751e8b465ee728b)  -> (artifact id: '586a3e439fd5bc053fba0b33d071f998') in 0.007123 seconds
  Import took 0.010524 seconds .

========================================================================
Received Import Request.
  Time since last request: 90.405958 seconds.
  path: Assets/Scenes/Level1.unity
  artifactKey: Guid(386b8eca5657cae4e9ad969eb0f80f65) Importer(815301076,1909f56bfc062723c751e8b465ee728b)
Start importing Assets/Scenes/Level1.unity using Guid(386b8eca5657cae4e9ad969eb0f80f65) Importer(815301076,1909f56bfc062723c751e8b465ee728b)  -> (artifact id: '214fb6a8bcf689a089b44533026e79b9') in 0.002535 seconds
  Import took 1.889278 seconds .

========================================================================
Received Import Request.
  Time since last request: 42.737922 seconds.
  path: Assets/Five Seamless Tileable Ground Textures/Materials/Water Deep Blue.mat
  artifactKey: Guid(731960bee06a1174683f3e96b29f5afb) Importer(815301076,1909f56bfc062723c751e8b465ee728b)
Start importing Assets/Five Seamless Tileable Ground Textures/Materials/Water Deep Blue.mat using Guid(731960bee06a1174683f3e96b29f5afb) Importer(815301076,1909f56bfc062723c751e8b465ee728b)  -> (artifact id: 'e468dd4b2faf4985adb9e30a46ef117f') in 0.007649 seconds
  Import took 0.012183 seconds .

========================================================================
Received Import Request.
  Time since last request: 262.757180 seconds.
  path: Assets/Stylize Water Texture/Materials/Vol_36_5_Emissive.mat
  artifactKey: Guid(c83768b1b9b13e14294ea34930c2ceba) Importer(815301076,1909f56bfc062723c751e8b465ee728b)
Start importing Assets/Stylize Water Texture/Materials/Vol_36_5_Emissive.mat using Guid(c83768b1b9b13e14294ea34930c2ceba) Importer(815301076,1909f56bfc062723c751e8b465ee728b)  -> (artifact id: '4fce06ee242bd6330c7628105ce5c1cc') in 0.016423 seconds
  Import took 0.021732 seconds .

========================================================================
Received Import Request.
  Time since last request: 0.000437 seconds.
  path: Assets/Stylize Water Texture/Materials/Vol_36_5_Normal.mat
  artifactKey: Guid(ba19e74d86da56f46bc9f45073f62873) Importer(815301076,1909f56bfc062723c751e8b465ee728b)
Start importing Assets/Stylize Water Texture/Materials/Vol_36_5_Normal.mat using Guid(ba19e74d86da56f46bc9f45073f62873) Importer(815301076,1909f56bfc062723c751e8b465ee728b)  -> (artifact id: '97f307f49a58ca780ff7e1d6fe83e8db') in 0.018416 seconds
  Import took 0.021833 seconds .

========================================================================
Received Import Request.
  Time since last request: 421.054354 seconds.
  path: Assets/Stylize Water Texture/Materials/Vol_36_5_Normal.mat
  artifactKey: Guid(ba19e74d86da56f46bc9f45073f62873) Importer(815301076,1909f56bfc062723c751e8b465ee728b)
Start importing Assets/Stylize Water Texture/Materials/Vol_36_5_Normal.mat using Guid(ba19e74d86da56f46bc9f45073f62873) Importer(815301076,1909f56bfc062723c751e8b465ee728b)  -> (artifact id: '90397e8ebed2fa62f43e147ef8020371') in 0.011753 seconds
  Import took 0.016370 seconds .

========================================================================
Received Import Request.
  Time since last request: 5.952409 seconds.
  path: Assets/Stylize Water Texture/Materials/Stylize Wood  Diffuse.mat
  artifactKey: Guid(4c577c226c9a1694c87afcaa1fe637d8) Importer(815301076,1909f56bfc062723c751e8b465ee728b)
Start importing Assets/Stylize Water Texture/Materials/Stylize Wood  Diffuse.mat using Guid(4c577c226c9a1694c87afcaa1fe637d8) Importer(815301076,1909f56bfc062723c751e8b465ee728b)  -> (artifact id: '6866f31b16f4972a24ae14552b3143a5') in 0.010918 seconds
  Import took 0.015169 seconds .

========================================================================
Received Import Request.
  Time since last request: 0.000377 seconds.
  path: Assets/Stylize Water Texture/Materials/Stylize Wood .mat
  artifactKey: Guid(2f5aab5a7a5aa1145997d0e48dc10332) Importer(815301076,1909f56bfc062723c751e8b465ee728b)
Start importing Assets/Stylize Water Texture/Materials/Stylize Wood .mat using Guid(2f5aab5a7a5aa1145997d0e48dc10332) Importer(815301076,1909f56bfc062723c751e8b465ee728b)  -> (artifact id: '107987221b515d1dcc9f6e2fde2cf54b') in 0.025799 seconds
  Import took 0.030346 seconds .

========================================================================
Received Import Request.
  Time since last request: 0.001342 seconds.
  path: Assets/Stylize Water Texture/Materials/Stylize Wood .mat
  artifactKey: Guid(2f5aab5a7a5aa1145997d0e48dc10332) Importer(815301076,1909f56bfc062723c751e8b465ee728b)
Start importing Assets/Stylize Water Texture/Materials/Stylize Wood .mat using Guid(2f5aab5a7a5aa1145997d0e48dc10332) Importer(815301076,1909f56bfc062723c751e8b465ee728b)  -> (artifact id: '107987221b515d1dcc9f6e2fde2cf54b') in 0.013445 seconds
  Import took 0.017627 seconds .

========================================================================
Received Import Request.
  Time since last request: 11.470308 seconds.
  path: Assets/Stylize Water Texture/Textures/vol_2_3_Ambient_Occlusion.png
  artifactKey: Guid(40a62786649ecba4280166147e79e5f1) Importer(815301076,1909f56bfc062723c751e8b465ee728b)
Start importing Assets/Stylize Water Texture/Textures/vol_2_3_Ambient_Occlusion.png using Guid(40a62786649ecba4280166147e79e5f1) Importer(815301076,1909f56bfc062723c751e8b465ee728b)  -> (artifact id: 'cb4ae54b951808488019a7e03a5aaacd') in 0.017738 seconds
  Import took 0.021582 seconds .

========================================================================
Received Import Request.
  Time since last request: 0.000430 seconds.
  path: Assets/Stylize Water Texture/Textures/vol_2_3_Roughness.png
  artifactKey: Guid(293e4f1537bb38545b9d96e01d2e47f4) Importer(815301076,1909f56bfc062723c751e8b465ee728b)
Start importing Assets/Stylize Water Texture/Textures/vol_2_3_Roughness.png using Guid(293e4f1537bb38545b9d96e01d2e47f4) Importer(815301076,1909f56bfc062723c751e8b465ee728b)  -> (artifact id: 'ddc5bd71d1f4a1d8018e3a7d6bd86ea0') in 0.006778 seconds
  Import took 0.010344 seconds .

========================================================================
Received Import Request.
  Time since last request: 0.000460 seconds.
  path: Assets/Stylize Water Texture/Textures/vol_2_3_Normal.png
  artifactKey: Guid(c3f6480e1852bf34e819f74d58c5477f) Importer(815301076,1909f56bfc062723c751e8b465ee728b)
Start importing Assets/Stylize Water Texture/Textures/vol_2_3_Normal.png using Guid(c3f6480e1852bf34e819f74d58c5477f) Importer(815301076,1909f56bfc062723c751e8b465ee728b)  -> (artifact id: 'c69c82e78f9c07b467b9e9ebc84562d8') in 0.011388 seconds
  Import took 0.015194 seconds .

========================================================================
Received Import Request.
  Time since last request: 0.000393 seconds.
  path: Assets/Stylize Water Texture/Textures/vol_2_3_Base_Color.png
  artifactKey: Guid(900f4bd6447eeb041a44d3066d2409ad) Importer(815301076,1909f56bfc062723c751e8b465ee728b)
Start importing Assets/Stylize Water Texture/Textures/vol_2_3_Base_Color.png using Guid(900f4bd6447eeb041a44d3066d2409ad) Importer(815301076,1909f56bfc062723c751e8b465ee728b)  -> (artifact id: 'c54322661f6ac480ad1a5ab888fe6e14') in 0.007577 seconds
  Import took 0.011528 seconds .

========================================================================
Received Import Request.
  Time since last request: 0.000397 seconds.
  path: Assets/Stylize Water Texture/Textures/vol_2_3_Height.png
  artifactKey: Guid(ff699ec2e2baca441a519cd901ae2f86) Importer(815301076,1909f56bfc062723c751e8b465ee728b)
Start importing Assets/Stylize Water Texture/Textures/vol_2_3_Height.png using Guid(ff699ec2e2baca441a519cd901ae2f86) Importer(815301076,1909f56bfc062723c751e8b465ee728b)  -> (artifact id: 'd305a218f22892a8c382c604cdb98fa7') in 0.007863 seconds
  Import took 0.011538 seconds .

========================================================================
Received Import Request.
  Time since last request: 25.269416 seconds.
  path: Assets/Textures
  artifactKey: Guid(155007c717ff74b4999cfddcc097b6d7) Importer(815301076,1909f56bfc062723c751e8b465ee728b)
Start importing Assets/Textures using Guid(155007c717ff74b4999cfddcc097b6d7) Importer(815301076,1909f56bfc062723c751e8b465ee728b)  -> (artifact id: '48cab2e3b4f6f223ea4f5e16c88b081b') in 0.001572 seconds
  Import took 0.005784 seconds .

========================================================================
Received Import Request.
  Time since last request: 1712.662769 seconds.
  path: Assets/Scenes/StartScene.unity
  artifactKey: Guid(9fc0d4010bbf28b4594072e72b8655ab) Importer(815301076,1909f56bfc062723c751e8b465ee728b)
Start importing Assets/Scenes/StartScene.unity using Guid(9fc0d4010bbf28b4594072e72b8655ab) Importer(815301076,1909f56bfc062723c751e8b465ee728b)  -> (artifact id: 'bb664b464c6874a744fd606182a72ecc') in 0.002932 seconds
  Import took 0.008647 seconds .

========================================================================
Received Prepare
Registering precompiled user dll's ...
Registered in 0.001648 seconds.
Begin MonoManager ReloadAssembly
Native extension for WindowsStandalone target not found
Refreshing native plugins compatible for Editor in 0.50 ms, found 0 plugins.
Preloading 0 native plugins for Editor in 0.00 ms.
Warning: Annotation not found!
UnityEngine.StackTraceUtility:ExtractStackTrace ()
UnityEditor.ProBuilder.EditorUtility:SetGizmoIconEnabled (System.Type,bool) (at Library/PackageCache/com.unity.probuilder@4.5.0/Editor/EditorCore/EditorUtility.cs:593)
UnityEditor.ProBuilder.HierarchyListener:.cctor () (at Library/PackageCache/com.unity.probuilder@4.5.0/Editor/EditorCore/HierarchyListener.cs:21)
System.Runtime.CompilerServices.RuntimeHelpers:RunClassConstructor (System.RuntimeTypeHandle)
UnityEditor.EditorAssemblies:ProcessInitializeOnLoadAttributes (System.Type[])

[Library/PackageCache/com.unity.probuilder@4.5.0/Editor/EditorCore/EditorUtility.cs line 593]

Invoked RoslynAnalysisRunner static constructor.
RoslynAnalysisRunner will not be running.
RoslynAnalysisRunner has terminated.
Mono: successfully reloaded assembly
- Completed reload, in  1.224 seconds
Platform modules already initialized, skipping
Refreshing native plugins compatible for Editor in 0.43 ms, found 0 plugins.
Preloading 0 native plugins for Editor in 0.00 ms.
Unloading 2460 Unused Serialized files (Serialized files now loaded: 0)
System memory in use before: 121.8 MB.
System memory in use after: 121.9 MB.

Unloading 9 unused Assets to reduce memory usage. Loaded Objects now: 3066.
Total: 2.984800 ms (FindLiveObjects: 0.264900 ms CreateObjectMapping: 0.134400 ms MarkObjects: 2.316100 ms  DeleteObjects: 0.268200 ms)

========================================================================
Received Import Request.
  Time since last request: 159.058518 seconds.
  path: Assets/Scenes/Level1.unity
  artifactKey: Guid(386b8eca5657cae4e9ad969eb0f80f65) Importer(815301076,1909f56bfc062723c751e8b465ee728b)
Start importing Assets/Scenes/Level1.unity using Guid(386b8eca5657cae4e9ad969eb0f80f65) Importer(815301076,1909f56bfc062723c751e8b465ee728b)  -> (artifact id: 'c5fd11138caef9d21556be453da2bba3') in 0.019591 seconds
  Import took 0.116083 seconds .

AssetImportWorkerClient::OnTransportError - code=2 error=End of file
